2020-10-07 16:22:02.224 [info] <0.44.0> Application logger started on node nonode@nohost
2020-10-07 16:22:02.242 [info] <0.44.0> Application runtime_tools started on node nonode@nohost
2020-10-07 16:22:02.246 [info] <0.44.0> Application telemetry_metrics started on node nonode@nohost
2020-10-07 16:22:02.257 [info] <0.44.0> Application telemetry_poller started on node nonode@nohost
2020-10-07 16:22:02.261 [info] <0.44.0> Application jason started on node nonode@nohost
2020-10-07 16:22:02.270 [info] <0.44.0> Application comeonin started on node nonode@nohost
2020-10-07 16:22:02.271 [info] <0.44.0> Application bcrypt_elixir started on node nonode@nohost
2020-10-07 16:22:02.283 [info] <0.44.0> Application xmerl started on node nonode@nohost
2020-10-07 16:22:02.314 [info] <0.44.0> Application sasl started on node nonode@nohost
2020-10-07 16:22:02.321 [info] <0.44.0> Application tools started on node nonode@nohost
2020-10-07 16:22:02.326 [info] <0.44.0> Application jsx started on node nonode@nohost
2020-10-07 16:22:02.341 [info] <0.44.0> Application ranch started on node nonode@nohost
2020-10-07 16:22:02.347 [info] <0.44.0> Application recon started on node nonode@nohost
2020-10-07 16:22:02.387 [info] <0.44.0> Application credentials_obfuscation started on node nonode@nohost
2020-10-07 16:22:02.387 [info] <0.44.0> Application rabbit_common started on node nonode@nohost
2020-10-07 16:22:02.399 [info] <0.44.0> Application amqp_client started on node nonode@nohost
2020-10-07 16:22:02.404 [info] <0.44.0> Application amqp started on node nonode@nohost
2020-10-07 16:22:02.417 [info] <0.44.0> Application gen_stage started on node nonode@nohost
2020-10-07 16:22:02.425 [info] <0.44.0> Application broadway started on node nonode@nohost
2020-10-07 16:22:02.425 [info] <0.44.0> Application broadway_rabbitmq started on node nonode@nohost
2020-10-07 16:22:02.434 [info] <0.44.0> Application connection started on node nonode@nohost
2020-10-07 16:22:02.440 [info] <0.44.0> Application decimal started on node nonode@nohost
2020-10-07 16:22:02.453 [info] <0.44.0> Application db_connection started on node nonode@nohost
2020-10-07 16:22:02.471 [info] <0.44.0> Application postgrex started on node nonode@nohost
2020-10-07 16:22:02.484 [info] <0.44.0> Application ecto started on node nonode@nohost
2020-10-07 16:22:02.486 [info] <0.44.0> Application ecto_sql started on node nonode@nohost
2020-10-07 16:22:02.488 [info] <0.44.0> Application phoenix_html started on node nonode@nohost
2020-10-07 16:22:02.497 [info] <0.44.0> Application cowlib started on node nonode@nohost
2020-10-07 16:22:02.503 [info] <0.44.0> Application cowboy started on node nonode@nohost
2020-10-07 16:22:02.506 [info] <0.44.0> Application plug_cowboy started on node nonode@nohost
2020-10-07 16:22:02.509 [info] <0.44.0> Application phoenix_live_view started on node nonode@nohost
2020-10-07 16:22:02.517 [info] <0.44.0> Application phoenix_live_dashboard started on node nonode@nohost
2020-10-07 16:22:02.523 [info] <0.44.0> Application file_system started on node nonode@nohost
2020-10-07 16:22:02.558 [info] <0.44.0> Application phoenix_live_reload started on node nonode@nohost
2020-10-07 16:22:02.561 [info] <0.44.0> Application phoenix_ecto started on node nonode@nohost
2020-10-07 16:22:02.645 [info] <0.44.0> Application home_server started on node nonode@nohost
2020-10-07 16:24:45.765 [info] <0.44.0> Application logger started on node nonode@nohost
2020-10-07 16:24:45.778 [info] <0.44.0> Application runtime_tools started on node nonode@nohost
2020-10-07 16:24:45.781 [info] <0.44.0> Application telemetry_metrics started on node nonode@nohost
2020-10-07 16:24:45.788 [info] <0.44.0> Application telemetry_poller started on node nonode@nohost
2020-10-07 16:24:45.790 [info] <0.44.0> Application jason started on node nonode@nohost
2020-10-07 16:24:45.797 [info] <0.44.0> Application comeonin started on node nonode@nohost
2020-10-07 16:24:45.797 [info] <0.44.0> Application bcrypt_elixir started on node nonode@nohost
2020-10-07 16:24:45.804 [info] <0.44.0> Application xmerl started on node nonode@nohost
2020-10-07 16:24:45.824 [info] <0.44.0> Application sasl started on node nonode@nohost
2020-10-07 16:24:45.830 [info] <0.44.0> Application tools started on node nonode@nohost
2020-10-07 16:24:45.833 [info] <0.44.0> Application jsx started on node nonode@nohost
2020-10-07 16:24:45.842 [info] <0.44.0> Application ranch started on node nonode@nohost
2020-10-07 16:24:45.844 [info] <0.44.0> Application recon started on node nonode@nohost
2020-10-07 16:24:45.869 [info] <0.44.0> Application credentials_obfuscation started on node nonode@nohost
2020-10-07 16:24:45.869 [info] <0.44.0> Application rabbit_common started on node nonode@nohost
2020-10-07 16:24:45.877 [info] <0.44.0> Application amqp_client started on node nonode@nohost
2020-10-07 16:24:45.879 [info] <0.44.0> Application amqp started on node nonode@nohost
2020-10-07 16:24:45.887 [info] <0.44.0> Application gen_stage started on node nonode@nohost
2020-10-07 16:24:45.890 [info] <0.44.0> Application broadway started on node nonode@nohost
2020-10-07 16:24:45.890 [info] <0.44.0> Application broadway_rabbitmq started on node nonode@nohost
2020-10-07 16:24:45.894 [info] <0.44.0> Application connection started on node nonode@nohost
2020-10-07 16:24:45.897 [info] <0.44.0> Application decimal started on node nonode@nohost
2020-10-07 16:24:45.904 [info] <0.44.0> Application db_connection started on node nonode@nohost
2020-10-07 16:24:45.911 [info] <0.44.0> Application postgrex started on node nonode@nohost
2020-10-07 16:24:45.919 [info] <0.44.0> Application ecto started on node nonode@nohost
2020-10-07 16:24:45.921 [info] <0.44.0> Application ecto_sql started on node nonode@nohost
2020-10-07 16:24:45.923 [info] <0.44.0> Application phoenix_html started on node nonode@nohost
2020-10-07 16:24:45.928 [info] <0.44.0> Application cowlib started on node nonode@nohost
2020-10-07 16:24:45.932 [info] <0.44.0> Application cowboy started on node nonode@nohost
2020-10-07 16:24:45.934 [info] <0.44.0> Application plug_cowboy started on node nonode@nohost
2020-10-07 16:24:45.936 [info] <0.44.0> Application phoenix_live_view started on node nonode@nohost
2020-10-07 16:24:45.940 [info] <0.44.0> Application phoenix_live_dashboard started on node nonode@nohost
2020-10-07 16:24:45.944 [info] <0.44.0> Application file_system started on node nonode@nohost
2020-10-07 16:24:45.955 [info] <0.44.0> Application phoenix_live_reload started on node nonode@nohost
2020-10-07 16:24:45.956 [info] <0.44.0> Application phoenix_ecto started on node nonode@nohost
2020-10-07 16:24:46.008 [info] <0.44.0> Application home_server started on node nonode@nohost
2020-10-07 16:37:08.791 [info] <0.44.0> Application logger started on node nonode@nohost
2020-10-07 16:37:08.804 [info] <0.44.0> Application runtime_tools started on node nonode@nohost
2020-10-07 16:37:08.808 [info] <0.44.0> Application telemetry_metrics started on node nonode@nohost
2020-10-07 16:37:08.816 [info] <0.44.0> Application telemetry_poller started on node nonode@nohost
2020-10-07 16:37:08.819 [info] <0.44.0> Application jason started on node nonode@nohost
2020-10-07 16:37:08.825 [info] <0.44.0> Application comeonin started on node nonode@nohost
2020-10-07 16:37:08.826 [info] <0.44.0> Application bcrypt_elixir started on node nonode@nohost
2020-10-07 16:37:08.833 [info] <0.44.0> Application xmerl started on node nonode@nohost
2020-10-07 16:37:08.847 [info] <0.44.0> Application sasl started on node nonode@nohost
2020-10-07 16:37:08.852 [info] <0.44.0> Application tools started on node nonode@nohost
2020-10-07 16:37:08.854 [info] <0.44.0> Application jsx started on node nonode@nohost
2020-10-07 16:37:08.861 [info] <0.44.0> Application ranch started on node nonode@nohost
2020-10-07 16:37:08.864 [info] <0.44.0> Application recon started on node nonode@nohost
2020-10-07 16:37:08.885 [info] <0.44.0> Application credentials_obfuscation started on node nonode@nohost
2020-10-07 16:37:08.885 [info] <0.44.0> Application rabbit_common started on node nonode@nohost
2020-10-07 16:37:08.894 [info] <0.44.0> Application amqp_client started on node nonode@nohost
2020-10-07 16:37:08.896 [info] <0.44.0> Application amqp started on node nonode@nohost
2020-10-07 16:37:08.904 [info] <0.44.0> Application gen_stage started on node nonode@nohost
2020-10-07 16:37:08.907 [info] <0.44.0> Application broadway started on node nonode@nohost
2020-10-07 16:37:08.907 [info] <0.44.0> Application broadway_rabbitmq started on node nonode@nohost
2020-10-07 16:37:08.911 [info] <0.44.0> Application connection started on node nonode@nohost
2020-10-07 16:37:08.914 [info] <0.44.0> Application decimal started on node nonode@nohost
2020-10-07 16:37:08.919 [info] <0.44.0> Application db_connection started on node nonode@nohost
2020-10-07 16:37:08.927 [info] <0.44.0> Application postgrex started on node nonode@nohost
2020-10-07 16:37:08.933 [info] <0.44.0> Application ecto started on node nonode@nohost
2020-10-07 16:37:08.934 [info] <0.44.0> Application ecto_sql started on node nonode@nohost
2020-10-07 16:37:08.935 [info] <0.44.0> Application phoenix_html started on node nonode@nohost
2020-10-07 16:37:08.940 [info] <0.44.0> Application cowlib started on node nonode@nohost
2020-10-07 16:37:08.944 [info] <0.44.0> Application cowboy started on node nonode@nohost
2020-10-07 16:37:08.945 [info] <0.44.0> Application plug_cowboy started on node nonode@nohost
2020-10-07 16:37:08.947 [info] <0.44.0> Application phoenix_live_view started on node nonode@nohost
2020-10-07 16:37:08.950 [info] <0.44.0> Application phoenix_live_dashboard started on node nonode@nohost
2020-10-07 16:37:08.954 [info] <0.44.0> Application file_system started on node nonode@nohost
2020-10-07 16:37:08.965 [info] <0.44.0> Application phoenix_live_reload started on node nonode@nohost
2020-10-07 16:37:08.966 [info] <0.44.0> Application phoenix_ecto started on node nonode@nohost
2020-10-07 16:37:09.011 [info] <0.44.0> Application home_server started on node nonode@nohost
